2025-03-10 19:56:10 - app.api.endpoints.detection - ERROR - [fbff9488-05ce-4e04-9ed4-43c0719c269d] 处理图像时发生错误 (error_id: a861b2cc-cae6-487a-b7cd-7bfdd516541a):
{
  "error_id": "a861b2cc-cae6-487a-b7cd-7bfdd516541a",
  "request_id": "fbff9488-05ce-4e04-9ed4-43c0719c269d",
  "timestamp": "2025-03-10T19:56:10.163666",
  "file_name": "IP011000197.jpg",
  "exception_type": "ProgrammingError",
  "exception_msg": "(sqlalchemy.dialects.postgresql.asyncpg.ProgrammingError) <class 'asyncpg.exceptions.UndefinedTableError'>: relation \"detections\" does not exist\n[SQL: INSERT INTO detections (image_path, annotated_path, results, created_at) VALUES ($1::VARCHAR, $2::VARCHAR, $3::JSON, $4::TIMESTAMP WITHOUT TIME ZONE) RETURNING detections.id]\n[parameters: ('20250310_195609_IP011000197.jpg', 'annotated_20250310_195609_IP011000197.jpg', '[{\"class\": \"white backed plant hopper\", \"confidence\": 0.8705894351005554, \"bbox\": {\"x1\": 98, \"y1\": 55, \"x2\": 273, \"y2\": 431}}, {\"class\": \"white backed plant hopper\", \"confidence\": 0.833490788936615, \"bbox\": {\"x1\": 252, \"y1\": 271, \"x2\": 400, \"y2\": 654}}]', datetime.datetime(2025, 3, 10, 19, 56, 9, 991729))]\n(Background on this error at: https://sqlalche.me/e/20/f405)",
  "stacktrace": "Traceback (most recent call last):\n  File \"D:\\yolopest\\backend\\.venv\\Lib\\site-packages\\sqlalchemy\\dialects\\postgresql\\asyncpg.py\", line 521, in _prepare_and_execute\n    prepared_stmt, attributes = await adapt_connection._prepare(\n                                ^^^^^^^^^^^^^^^^^^^^^^^^^^^^^^^^\n  File \"D:\\yolopest\\backend\\.venv\\Lib\\site-packages\\sqlalchemy\\dialects\\postgresql\\asyncpg.py\", line 768, in _prepare\n    prepared_stmt = await self._connection.prepare(\n                    ^^^^^^^^^^^^^^^^^^^^^^^^^^^^^^^\n  File \"D:\\yolopest\\backend\\.venv\\Lib\\site-packages\\asyncpg\\connection.py\", line 635, in prepare\n    return await self._prepare(\n           ^^^^^^^^^^^^^^^^^^^^\n  File \"D:\\yolopest\\backend\\.venv\\Lib\\site-packages\\asyncpg\\connection.py\", line 653, in _prepare\n    stmt = await self._get_statement(\n           ^^^^^^^^^^^^^^^^^^^^^^^^^^\n  File \"D:\\yolopest\\backend\\.venv\\Lib\\site-packages\\asyncpg\\connection.py\", line 432, in _get_statement\n    statement = await self._protocol.prepare(\n                ^^^^^^^^^^^^^^^^^^^^^^^^^^^^^\n  File \"asyncpg\\\\protocol\\\\protocol.pyx\", line 165, in prepare\nasyncpg.exceptions.UndefinedTableError: relation \"detections\" does not exist\n\nThe above exception was the direct cause of the following exception:\n\nTraceback (most recent call last):\n  File \"D:\\yolopest\\backend\\.venv\\Lib\\site-packages\\sqlalchemy\\engine\\base.py\", line 1964, in _exec_single_context\n    self.dialect.do_execute(\n  File \"D:\\yolopest\\backend\\.venv\\Lib\\site-packages\\sqlalchemy\\engine\\default.py\", line 942, in do_execute\n    cursor.execute(statement, parameters)\n  File \"D:\\yolopest\\backend\\.venv\\Lib\\site-packages\\sqlalchemy\\dialects\\postgresql\\asyncpg.py\", line 580, in execute\n    self._adapt_connection.await_(\n  File \"D:\\yolopest\\backend\\.venv\\Lib\\site-packages\\sqlalchemy\\util\\_concurrency_py3k.py\", line 132, in await_only\n    return current.parent.switch(awaitable)  # type: ignore[no-any-return,attr-defined] # noqa: E501\n           ^^^^^^^^^^^^^^^^^^^^^^^^^^^^^^^^\n  File \"D:\\yolopest\\backend\\.venv\\Lib\\site-packages\\sqlalchemy\\util\\_concurrency_py3k.py\", line 196, in greenlet_spawn\n    value = await result\n            ^^^^^^^^^^^^\n  File \"D:\\yolopest\\backend\\.venv\\Lib\\site-packages\\sqlalchemy\\dialects\\postgresql\\asyncpg.py\", line 558, in _prepare_and_execute\n    self._handle_exception(error)\n  File \"D:\\yolopest\\backend\\.venv\\Lib\\site-packages\\sqlalchemy\\dialects\\postgresql\\asyncpg.py\", line 508, in _handle_exception\n    self._adapt_connection._handle_exception(error)\n  File \"D:\\yolopest\\backend\\.venv\\Lib\\site-packages\\sqlalchemy\\dialects\\postgresql\\asyncpg.py\", line 792, in _handle_exception\n    raise translated_error from error\nsqlalchemy.dialects.postgresql.asyncpg.AsyncAdapt_asyncpg_dbapi.ProgrammingError: <class 'asyncpg.exceptions.UndefinedTableError'>: relation \"detections\" does not exist\n\nThe above exception was the direct cause of the following exception:\n\nTraceback (most recent call last):\n  File \"D:\\yolopest\\backend\\app\\api\\endpoints\\detection.py\", line 55, in upload_image\n    result = await detection_service.process_image(file.filename, image_bytes)\n             ^^^^^^^^^^^^^^^^^^^^^^^^^^^^^^^^^^^^^^^^^^^^^^^^^^^^^^^^^^^^^^^^^\n  File \"D:\\yolopest\\backend\\app\\services\\detection.py\", line 130, in process_image\n    detection = await self.repository.create_detection(\n                ^^^^^^^^^^^^^^^^^^^^^^^^^^^^^^^^^^^^^^^\n  File \"D:\\yolopest\\backend\\app\\db\\repositories\\detection.py\", line 23, in create_detection\n    return await self.create(detection_data)\n           ^^^^^^^^^^^^^^^^^^^^^^^^^^^^^^^^^\n  File \"D:\\yolopest\\backend\\app\\db\\repositories\\base.py\", line 17, in create\n    await self.db.commit()\n  File \"D:\\yolopest\\backend\\.venv\\Lib\\site-packages\\sqlalchemy\\ext\\asyncio\\session.py\", line 1011, in commit\n    await greenlet_spawn(self.sync_session.commit)\n  File \"D:\\yolopest\\backend\\.venv\\Lib\\site-packages\\sqlalchemy\\util\\_concurrency_py3k.py\", line 203, in greenlet_spawn\n    result = context.switch(value)\n             ^^^^^^^^^^^^^^^^^^^^^\n  File \"D:\\yolopest\\backend\\.venv\\Lib\\site-packages\\sqlalchemy\\orm\\session.py\", line 2032, in commit\n    trans.commit(_to_root=True)\n  File \"<string>\", line 2, in commit\n  File \"D:\\yolopest\\backend\\.venv\\Lib\\site-packages\\sqlalchemy\\orm\\state_changes.py\", line 139, in _go\n    ret_value = fn(self, *arg, **kw)\n                ^^^^^^^^^^^^^^^^^^^^\n  File \"D:\\yolopest\\backend\\.venv\\Lib\\site-packages\\sqlalchemy\\orm\\session.py\", line 1313, in commit\n    self._prepare_impl()\n  File \"<string>\", line 2, in _prepare_impl\n  File \"D:\\yolopest\\backend\\.venv\\Lib\\site-packages\\sqlalchemy\\orm\\state_changes.py\", line 139, in _go\n    ret_value = fn(self, *arg, **kw)\n                ^^^^^^^^^^^^^^^^^^^^\n  File \"D:\\yolopest\\backend\\.venv\\Lib\\site-packages\\sqlalchemy\\orm\\session.py\", line 1288, in _prepare_impl\n    self.session.flush()\n  File \"D:\\yolopest\\backend\\.venv\\Lib\\site-packages\\sqlalchemy\\orm\\session.py\", line 4353, in flush\n    self._flush(objects)\n  File \"D:\\yolopest\\backend\\.venv\\Lib\\site-packages\\sqlalchemy\\orm\\session.py\", line 4488, in _flush\n    with util.safe_reraise():\n         ^^^^^^^^^^^^^^^^^^^\n  File \"D:\\yolopest\\backend\\.venv\\Lib\\site-packages\\sqlalchemy\\util\\langhelpers.py\", line 146, in __exit__\n    raise exc_value.with_traceback(exc_tb)\n  File \"D:\\yolopest\\backend\\.venv\\Lib\\site-packages\\sqlalchemy\\orm\\session.py\", line 4449, in _flush\n    flush_context.execute()\n  File \"D:\\yolopest\\backend\\.venv\\Lib\\site-packages\\sqlalchemy\\orm\\unitofwork.py\", line 466, in execute\n    rec.execute(self)\n  File \"D:\\yolopest\\backend\\.venv\\Lib\\site-packages\\sqlalchemy\\orm\\unitofwork.py\", line 642, in execute\n    util.preloaded.orm_persistence.save_obj(\n  File \"D:\\yolopest\\backend\\.venv\\Lib\\site-packages\\sqlalchemy\\orm\\persistence.py\", line 93, in save_obj\n    _emit_insert_statements(\n  File \"D:\\yolopest\\backend\\.venv\\Lib\\site-packages\\sqlalchemy\\orm\\persistence.py\", line 1233, in _emit_insert_statements\n    result = connection.execute(\n             ^^^^^^^^^^^^^^^^^^^\n  File \"D:\\yolopest\\backend\\.venv\\Lib\\site-packages\\sqlalchemy\\engine\\base.py\", line 1416, in execute\n    return meth(\n           ^^^^^\n  File \"D:\\yolopest\\backend\\.venv\\Lib\\site-packages\\sqlalchemy\\sql\\elements.py\", line 516, in _execute_on_connection\n    return connection._execute_clauseelement(\n           ^^^^^^^^^^^^^^^^^^^^^^^^^^^^^^^^^^\n  File \"D:\\yolopest\\backend\\.venv\\Lib\\site-packages\\sqlalchemy\\engine\\base.py\", line 1638, in _execute_clauseelement\n    ret = self._execute_context(\n          ^^^^^^^^^^^^^^^^^^^^^^\n  File \"D:\\yolopest\\backend\\.venv\\Lib\\site-packages\\sqlalchemy\\engine\\base.py\", line 1843, in _execute_context\n    return self._exec_single_context(\n           ^^^^^^^^^^^^^^^^^^^^^^^^^^\n  File \"D:\\yolopest\\backend\\.venv\\Lib\\site-packages\\sqlalchemy\\engine\\base.py\", line 1983, in _exec_single_context\n    self._handle_dbapi_exception(\n  File \"D:\\yolopest\\backend\\.venv\\Lib\\site-packages\\sqlalchemy\\engine\\base.py\", line 2352, in _handle_dbapi_exception\n    raise sqlalchemy_exception.with_traceback(exc_info[2]) from e\n  File \"D:\\yolopest\\backend\\.venv\\Lib\\site-packages\\sqlalchemy\\engine\\base.py\", line 1964, in _exec_single_context\n    self.dialect.do_execute(\n  File \"D:\\yolopest\\backend\\.venv\\Lib\\site-packages\\sqlalchemy\\engine\\default.py\", line 942, in do_execute\n    cursor.execute(statement, parameters)\n  File \"D:\\yolopest\\backend\\.venv\\Lib\\site-packages\\sqlalchemy\\dialects\\postgresql\\asyncpg.py\", line 580, in execute\n    self._adapt_connection.await_(\n  File \"D:\\yolopest\\backend\\.venv\\Lib\\site-packages\\sqlalchemy\\util\\_concurrency_py3k.py\", line 132, in await_only\n    return current.parent.switch(awaitable)  # type: ignore[no-any-return,attr-defined] # noqa: E501\n           ^^^^^^^^^^^^^^^^^^^^^^^^^^^^^^^^\n  File \"D:\\yolopest\\backend\\.venv\\Lib\\site-packages\\sqlalchemy\\util\\_concurrency_py3k.py\", line 196, in greenlet_spawn\n    value = await result\n            ^^^^^^^^^^^^\n  File \"D:\\yolopest\\backend\\.venv\\Lib\\site-packages\\sqlalchemy\\dialects\\postgresql\\asyncpg.py\", line 558, in _prepare_and_execute\n    self._handle_exception(error)\n  File \"D:\\yolopest\\backend\\.venv\\Lib\\site-packages\\sqlalchemy\\dialects\\postgresql\\asyncpg.py\", line 508, in _handle_exception\n    self._adapt_connection._handle_exception(error)\n  File \"D:\\yolopest\\backend\\.venv\\Lib\\site-packages\\sqlalchemy\\dialects\\postgresql\\asyncpg.py\", line 792, in _handle_exception\n    raise translated_error from error\nsqlalchemy.exc.ProgrammingError: (sqlalchemy.dialects.postgresql.asyncpg.ProgrammingError) <class 'asyncpg.exceptions.UndefinedTableError'>: relation \"detections\" does not exist\n[SQL: INSERT INTO detections (image_path, annotated_path, results, created_at) VALUES ($1::VARCHAR, $2::VARCHAR, $3::JSON, $4::TIMESTAMP WITHOUT TIME ZONE) RETURNING detections.id]\n[parameters: ('20250310_195609_IP011000197.jpg', 'annotated_20250310_195609_IP011000197.jpg', '[{\"class\": \"white backed plant hopper\", \"confidence\": 0.8705894351005554, \"bbox\": {\"x1\": 98, \"y1\": 55, \"x2\": 273, \"y2\": 431}}, {\"class\": \"white backed plant hopper\", \"confidence\": 0.833490788936615, \"bbox\": {\"x1\": 252, \"y1\": 271, \"x2\": 400, \"y2\": 654}}]', datetime.datetime(2025, 3, 10, 19, 56, 9, 991729))]\n(Background on this error at: https://sqlalche.me/e/20/f405)\n"
}
2025-03-10 19:57:44 - app.api.endpoints.detection - ERROR - [1f13b1d3-86d2-409f-958b-6b32e2b9ef7d] 处理图像时发生错误 (error_id: 8ea6d957-8dc0-4bc6-a92c-d4c39d413090):
{
  "error_id": "8ea6d957-8dc0-4bc6-a92c-d4c39d413090",
  "request_id": "1f13b1d3-86d2-409f-958b-6b32e2b9ef7d",
  "timestamp": "2025-03-10T19:57:44.879573",
  "file_name": "IP014000205.jpg",
  "exception_type": "ProgrammingError",
  "exception_msg": "(sqlalchemy.dialects.postgresql.asyncpg.ProgrammingError) <class 'asyncpg.exceptions.UndefinedTableError'>: relation \"detections\" does not exist\n[SQL: INSERT INTO detections (image_path, annotated_path, results, created_at) VALUES ($1::VARCHAR, $2::VARCHAR, $3::JSON, $4::TIMESTAMP WITHOUT TIME ZONE) RETURNING detections.id]\n[parameters: ('20250310_195744_IP014000205.jpg', 'annotated_20250310_195744_IP014000205.jpg', '[{\"class\": \"rice water weevil\", \"confidence\": 0.8893290758132935, \"bbox\": {\"x1\": 59, \"y1\": 23, \"x2\": 427, \"y2\": 259}}]', datetime.datetime(2025, 3, 10, 19, 57, 44, 847955))]\n(Background on this error at: https://sqlalche.me/e/20/f405)",
  "stacktrace": "Traceback (most recent call last):\n  File \"D:\\yolopest\\backend\\.venv\\Lib\\site-packages\\sqlalchemy\\dialects\\postgresql\\asyncpg.py\", line 521, in _prepare_and_execute\n    prepared_stmt, attributes = await adapt_connection._prepare(\n                                ^^^^^^^^^^^^^^^^^^^^^^^^^^^^^^^^\n  File \"D:\\yolopest\\backend\\.venv\\Lib\\site-packages\\sqlalchemy\\dialects\\postgresql\\asyncpg.py\", line 768, in _prepare\n    prepared_stmt = await self._connection.prepare(\n                    ^^^^^^^^^^^^^^^^^^^^^^^^^^^^^^^\n  File \"D:\\yolopest\\backend\\.venv\\Lib\\site-packages\\asyncpg\\connection.py\", line 635, in prepare\n    return await self._prepare(\n           ^^^^^^^^^^^^^^^^^^^^\n  File \"D:\\yolopest\\backend\\.venv\\Lib\\site-packages\\asyncpg\\connection.py\", line 653, in _prepare\n    stmt = await self._get_statement(\n           ^^^^^^^^^^^^^^^^^^^^^^^^^^\n  File \"D:\\yolopest\\backend\\.venv\\Lib\\site-packages\\asyncpg\\connection.py\", line 432, in _get_statement\n    statement = await self._protocol.prepare(\n                ^^^^^^^^^^^^^^^^^^^^^^^^^^^^^\n  File \"asyncpg\\\\protocol\\\\protocol.pyx\", line 165, in prepare\nasyncpg.exceptions.UndefinedTableError: relation \"detections\" does not exist\n\nThe above exception was the direct cause of the following exception:\n\nTraceback (most recent call last):\n  File \"D:\\yolopest\\backend\\.venv\\Lib\\site-packages\\sqlalchemy\\engine\\base.py\", line 1964, in _exec_single_context\n    self.dialect.do_execute(\n  File \"D:\\yolopest\\backend\\.venv\\Lib\\site-packages\\sqlalchemy\\engine\\default.py\", line 942, in do_execute\n    cursor.execute(statement, parameters)\n  File \"D:\\yolopest\\backend\\.venv\\Lib\\site-packages\\sqlalchemy\\dialects\\postgresql\\asyncpg.py\", line 580, in execute\n    self._adapt_connection.await_(\n  File \"D:\\yolopest\\backend\\.venv\\Lib\\site-packages\\sqlalchemy\\util\\_concurrency_py3k.py\", line 132, in await_only\n    return current.parent.switch(awaitable)  # type: ignore[no-any-return,attr-defined] # noqa: E501\n           ^^^^^^^^^^^^^^^^^^^^^^^^^^^^^^^^\n  File \"D:\\yolopest\\backend\\.venv\\Lib\\site-packages\\sqlalchemy\\util\\_concurrency_py3k.py\", line 196, in greenlet_spawn\n    value = await result\n            ^^^^^^^^^^^^\n  File \"D:\\yolopest\\backend\\.venv\\Lib\\site-packages\\sqlalchemy\\dialects\\postgresql\\asyncpg.py\", line 558, in _prepare_and_execute\n    self._handle_exception(error)\n  File \"D:\\yolopest\\backend\\.venv\\Lib\\site-packages\\sqlalchemy\\dialects\\postgresql\\asyncpg.py\", line 508, in _handle_exception\n    self._adapt_connection._handle_exception(error)\n  File \"D:\\yolopest\\backend\\.venv\\Lib\\site-packages\\sqlalchemy\\dialects\\postgresql\\asyncpg.py\", line 792, in _handle_exception\n    raise translated_error from error\nsqlalchemy.dialects.postgresql.asyncpg.AsyncAdapt_asyncpg_dbapi.ProgrammingError: <class 'asyncpg.exceptions.UndefinedTableError'>: relation \"detections\" does not exist\n\nThe above exception was the direct cause of the following exception:\n\nTraceback (most recent call last):\n  File \"D:\\yolopest\\backend\\app\\api\\endpoints\\detection.py\", line 55, in upload_image\n    result = await detection_service.process_image(file.filename, image_bytes)\n             ^^^^^^^^^^^^^^^^^^^^^^^^^^^^^^^^^^^^^^^^^^^^^^^^^^^^^^^^^^^^^^^^^\n  File \"D:\\yolopest\\backend\\app\\services\\detection.py\", line 130, in process_image\n    detection = await self.repository.create_detection(\n                ^^^^^^^^^^^^^^^^^^^^^^^^^^^^^^^^^^^^^^^\n  File \"D:\\yolopest\\backend\\app\\db\\repositories\\detection.py\", line 23, in create_detection\n    return await self.create(detection_data)\n           ^^^^^^^^^^^^^^^^^^^^^^^^^^^^^^^^^\n  File \"D:\\yolopest\\backend\\app\\db\\repositories\\base.py\", line 17, in create\n    await self.db.commit()\n  File \"D:\\yolopest\\backend\\.venv\\Lib\\site-packages\\sqlalchemy\\ext\\asyncio\\session.py\", line 1011, in commit\n    await greenlet_spawn(self.sync_session.commit)\n  File \"D:\\yolopest\\backend\\.venv\\Lib\\site-packages\\sqlalchemy\\util\\_concurrency_py3k.py\", line 203, in greenlet_spawn\n    result = context.switch(value)\n             ^^^^^^^^^^^^^^^^^^^^^\n  File \"D:\\yolopest\\backend\\.venv\\Lib\\site-packages\\sqlalchemy\\orm\\session.py\", line 2032, in commit\n    trans.commit(_to_root=True)\n  File \"<string>\", line 2, in commit\n  File \"D:\\yolopest\\backend\\.venv\\Lib\\site-packages\\sqlalchemy\\orm\\state_changes.py\", line 139, in _go\n    ret_value = fn(self, *arg, **kw)\n                ^^^^^^^^^^^^^^^^^^^^\n  File \"D:\\yolopest\\backend\\.venv\\Lib\\site-packages\\sqlalchemy\\orm\\session.py\", line 1313, in commit\n    self._prepare_impl()\n  File \"<string>\", line 2, in _prepare_impl\n  File \"D:\\yolopest\\backend\\.venv\\Lib\\site-packages\\sqlalchemy\\orm\\state_changes.py\", line 139, in _go\n    ret_value = fn(self, *arg, **kw)\n                ^^^^^^^^^^^^^^^^^^^^\n  File \"D:\\yolopest\\backend\\.venv\\Lib\\site-packages\\sqlalchemy\\orm\\session.py\", line 1288, in _prepare_impl\n    self.session.flush()\n  File \"D:\\yolopest\\backend\\.venv\\Lib\\site-packages\\sqlalchemy\\orm\\session.py\", line 4353, in flush\n    self._flush(objects)\n  File \"D:\\yolopest\\backend\\.venv\\Lib\\site-packages\\sqlalchemy\\orm\\session.py\", line 4488, in _flush\n    with util.safe_reraise():\n         ^^^^^^^^^^^^^^^^^^^\n  File \"D:\\yolopest\\backend\\.venv\\Lib\\site-packages\\sqlalchemy\\util\\langhelpers.py\", line 146, in __exit__\n    raise exc_value.with_traceback(exc_tb)\n  File \"D:\\yolopest\\backend\\.venv\\Lib\\site-packages\\sqlalchemy\\orm\\session.py\", line 4449, in _flush\n    flush_context.execute()\n  File \"D:\\yolopest\\backend\\.venv\\Lib\\site-packages\\sqlalchemy\\orm\\unitofwork.py\", line 466, in execute\n    rec.execute(self)\n  File \"D:\\yolopest\\backend\\.venv\\Lib\\site-packages\\sqlalchemy\\orm\\unitofwork.py\", line 642, in execute\n    util.preloaded.orm_persistence.save_obj(\n  File \"D:\\yolopest\\backend\\.venv\\Lib\\site-packages\\sqlalchemy\\orm\\persistence.py\", line 93, in save_obj\n    _emit_insert_statements(\n  File \"D:\\yolopest\\backend\\.venv\\Lib\\site-packages\\sqlalchemy\\orm\\persistence.py\", line 1233, in _emit_insert_statements\n    result = connection.execute(\n             ^^^^^^^^^^^^^^^^^^^\n  File \"D:\\yolopest\\backend\\.venv\\Lib\\site-packages\\sqlalchemy\\engine\\base.py\", line 1416, in execute\n    return meth(\n           ^^^^^\n  File \"D:\\yolopest\\backend\\.venv\\Lib\\site-packages\\sqlalchemy\\sql\\elements.py\", line 516, in _execute_on_connection\n    return connection._execute_clauseelement(\n           ^^^^^^^^^^^^^^^^^^^^^^^^^^^^^^^^^^\n  File \"D:\\yolopest\\backend\\.venv\\Lib\\site-packages\\sqlalchemy\\engine\\base.py\", line 1638, in _execute_clauseelement\n    ret = self._execute_context(\n          ^^^^^^^^^^^^^^^^^^^^^^\n  File \"D:\\yolopest\\backend\\.venv\\Lib\\site-packages\\sqlalchemy\\engine\\base.py\", line 1843, in _execute_context\n    return self._exec_single_context(\n           ^^^^^^^^^^^^^^^^^^^^^^^^^^\n  File \"D:\\yolopest\\backend\\.venv\\Lib\\site-packages\\sqlalchemy\\engine\\base.py\", line 1983, in _exec_single_context\n    self._handle_dbapi_exception(\n  File \"D:\\yolopest\\backend\\.venv\\Lib\\site-packages\\sqlalchemy\\engine\\base.py\", line 2352, in _handle_dbapi_exception\n    raise sqlalchemy_exception.with_traceback(exc_info[2]) from e\n  File \"D:\\yolopest\\backend\\.venv\\Lib\\site-packages\\sqlalchemy\\engine\\base.py\", line 1964, in _exec_single_context\n    self.dialect.do_execute(\n  File \"D:\\yolopest\\backend\\.venv\\Lib\\site-packages\\sqlalchemy\\engine\\default.py\", line 942, in do_execute\n    cursor.execute(statement, parameters)\n  File \"D:\\yolopest\\backend\\.venv\\Lib\\site-packages\\sqlalchemy\\dialects\\postgresql\\asyncpg.py\", line 580, in execute\n    self._adapt_connection.await_(\n  File \"D:\\yolopest\\backend\\.venv\\Lib\\site-packages\\sqlalchemy\\util\\_concurrency_py3k.py\", line 132, in await_only\n    return current.parent.switch(awaitable)  # type: ignore[no-any-return,attr-defined] # noqa: E501\n           ^^^^^^^^^^^^^^^^^^^^^^^^^^^^^^^^\n  File \"D:\\yolopest\\backend\\.venv\\Lib\\site-packages\\sqlalchemy\\util\\_concurrency_py3k.py\", line 196, in greenlet_spawn\n    value = await result\n            ^^^^^^^^^^^^\n  File \"D:\\yolopest\\backend\\.venv\\Lib\\site-packages\\sqlalchemy\\dialects\\postgresql\\asyncpg.py\", line 558, in _prepare_and_execute\n    self._handle_exception(error)\n  File \"D:\\yolopest\\backend\\.venv\\Lib\\site-packages\\sqlalchemy\\dialects\\postgresql\\asyncpg.py\", line 508, in _handle_exception\n    self._adapt_connection._handle_exception(error)\n  File \"D:\\yolopest\\backend\\.venv\\Lib\\site-packages\\sqlalchemy\\dialects\\postgresql\\asyncpg.py\", line 792, in _handle_exception\n    raise translated_error from error\nsqlalchemy.exc.ProgrammingError: (sqlalchemy.dialects.postgresql.asyncpg.ProgrammingError) <class 'asyncpg.exceptions.UndefinedTableError'>: relation \"detections\" does not exist\n[SQL: INSERT INTO detections (image_path, annotated_path, results, created_at) VALUES ($1::VARCHAR, $2::VARCHAR, $3::JSON, $4::TIMESTAMP WITHOUT TIME ZONE) RETURNING detections.id]\n[parameters: ('20250310_195744_IP014000205.jpg', 'annotated_20250310_195744_IP014000205.jpg', '[{\"class\": \"rice water weevil\", \"confidence\": 0.8893290758132935, \"bbox\": {\"x1\": 59, \"y1\": 23, \"x2\": 427, \"y2\": 259}}]', datetime.datetime(2025, 3, 10, 19, 57, 44, 847955))]\n(Background on this error at: https://sqlalche.me/e/20/f405)\n"
}
2025-03-10 20:01:26 - app.api.endpoints.detection - ERROR - [26db92ec-d782-4e21-87f4-e0f49e76d8c8] 批量处理图像时发生错误 (error_id: 9a340a58-657f-4f08-a9d9-ad2264f8a559):
{
  "error_id": "9a340a58-657f-4f08-a9d9-ad2264f8a559",
  "batch_id": "26db92ec-d782-4e21-87f4-e0f49e76d8c8",
  "timestamp": "2025-03-10T20:01:26.017656",
  "file_count": 10,
  "filenames": [
    "IP000000253.jpg",
    "IP000000290.jpg",
    "IP000000312.jpg",
    "IP000000378.jpg",
    "IP000000538.jpg",
    "...更多"
  ],
  "exception_type": "AttributeError",
  "exception_msg": "'DetectionService' object has no attribute 'process_multiple_images'",
  "stacktrace": "Traceback (most recent call last):\n  File \"D:\\yolopest\\backend\\app\\api\\endpoints\\detection.py\", line 136, in upload_multiple_images\n    result = await detection_service.process_multiple_images(files_data)\n                   ^^^^^^^^^^^^^^^^^^^^^^^^^^^^^^^^^^^^^^^^^\nAttributeError: 'DetectionService' object has no attribute 'process_multiple_images'\n"
}
2025-03-10 21:24:47 - app.api.endpoints.detection - ERROR - [c34658cc-6f77-4a47-9d3c-7609ba7aeac3] 批量处理图像时发生错误 (error_id: d4ab116e-a215-45d6-9204-74a859805c56):
{
  "error_id": "d4ab116e-a215-45d6-9204-74a859805c56",
  "batch_id": "c34658cc-6f77-4a47-9d3c-7609ba7aeac3",
  "timestamp": "2025-03-10T21:24:47.507634",
  "file_count": 7,
  "filenames": [
    "IP011000077.jpg",
    "IP011000197.jpg",
    "IP011000227.jpg",
    "IP011000265.jpg",
    "IP011000312.jpg",
    "...更多"
  ],
  "exception_type": "AttributeError",
  "exception_msg": "'DetectionService' object has no attribute 'process_multiple_images'",
  "stacktrace": "Traceback (most recent call last):\n  File \"D:\\yolopest\\backend\\app\\api\\endpoints\\detection.py\", line 136, in upload_multiple_images\n    result = await detection_service.process_multiple_images(files_data)\n                   ^^^^^^^^^^^^^^^^^^^^^^^^^^^^^^^^^^^^^^^^^\nAttributeError: 'DetectionService' object has no attribute 'process_multiple_images'\n"
}
2025-03-10 21:24:57 - app.api.endpoints.detection - ERROR - [4e49fda9-43e0-4a64-b032-f4b115a7d25a] 批量处理图像时发生错误 (error_id: 30d9d2b0-ef64-4932-ad32-60b2a7e2e18f):
{
  "error_id": "30d9d2b0-ef64-4932-ad32-60b2a7e2e18f",
  "batch_id": "4e49fda9-43e0-4a64-b032-f4b115a7d25a",
  "timestamp": "2025-03-10T21:24:57.697512",
  "file_count": 7,
  "filenames": [
    "IP011000077.jpg",
    "IP011000197.jpg",
    "IP011000227.jpg",
    "IP011000265.jpg",
    "IP011000312.jpg",
    "...更多"
  ],
  "exception_type": "AttributeError",
  "exception_msg": "'DetectionService' object has no attribute 'process_multiple_images'",
  "stacktrace": "Traceback (most recent call last):\n  File \"D:\\yolopest\\backend\\app\\api\\endpoints\\detection.py\", line 136, in upload_multiple_images\n    result = await detection_service.process_multiple_images(files_data)\n                   ^^^^^^^^^^^^^^^^^^^^^^^^^^^^^^^^^^^^^^^^^\nAttributeError: 'DetectionService' object has no attribute 'process_multiple_images'\n"
}
2025-03-10 21:25:15 - app.api.endpoints.detection - ERROR - [996c50f5-4127-4b59-9fe7-585fb03f7204] 批量处理图像时发生错误 (error_id: ebbc3925-0aaa-44c9-8820-52736f082262):
{
  "error_id": "ebbc3925-0aaa-44c9-8820-52736f082262",
  "batch_id": "996c50f5-4127-4b59-9fe7-585fb03f7204",
  "timestamp": "2025-03-10T21:25:15.364457",
  "file_count": 10,
  "filenames": [
    "IP000000378.jpg",
    "IP000000538.jpg",
    "IP000000576.jpg",
    "IP000000647.jpg",
    "IP000000713.jpg",
    "...更多"
  ],
  "exception_type": "AttributeError",
  "exception_msg": "'DetectionService' object has no attribute 'process_multiple_images'",
  "stacktrace": "Traceback (most recent call last):\n  File \"D:\\yolopest\\backend\\app\\api\\endpoints\\detection.py\", line 136, in upload_multiple_images\n    result = await detection_service.process_multiple_images(files_data)\n                   ^^^^^^^^^^^^^^^^^^^^^^^^^^^^^^^^^^^^^^^^^\nAttributeError: 'DetectionService' object has no attribute 'process_multiple_images'\n"
}
2025-03-10 21:36:25 - app.api.endpoints.detection - ERROR - [8899ffff-e3a2-4705-a8e6-5d5fd6b80ee3] 批量处理图像时发生错误 (error_id: 6f6eb9f8-535b-4bf3-bb75-5f07b24e1619):
{
  "error_id": "6f6eb9f8-535b-4bf3-bb75-5f07b24e1619",
  "batch_id": "8899ffff-e3a2-4705-a8e6-5d5fd6b80ee3",
  "timestamp": "2025-03-10T21:36:25.160016",
  "file_count": 3,
  "filenames": [
    "IP000000538.jpg",
    "IP000000576.jpg",
    "IP000000647.jpg"
  ],
  "exception_type": "AttributeError",
  "exception_msg": "'DetectionService' object has no attribute 'process_multiple_images'",
  "stacktrace": "Traceback (most recent call last):\n  File \"D:\\yolopest\\backend\\app\\api\\endpoints\\detection.py\", line 136, in upload_multiple_images\n    result = await detection_service.process_multiple_images(files_data)\n                   ^^^^^^^^^^^^^^^^^^^^^^^^^^^^^^^^^^^^^^^^^\nAttributeError: 'DetectionService' object has no attribute 'process_multiple_images'\n"
}
2025-03-10 21:39:40 - app.api.endpoints.detection - ERROR - [b64300eb-8499-4baa-a415-6a04faeb0469] 批量处理图像时发生错误 (error_id: 8cd1be31-fecc-464d-97fc-c4ae16d02930):
{
  "error_id": "8cd1be31-fecc-464d-97fc-c4ae16d02930",
  "batch_id": "b64300eb-8499-4baa-a415-6a04faeb0469",
  "timestamp": "2025-03-10T21:39:40.945385",
  "file_count": 3,
  "filenames": [
    "IP000000538.jpg",
    "IP000000576.jpg",
    "IP000000647.jpg"
  ],
  "exception_type": "AttributeError",
  "exception_msg": "'DetectionService' object has no attribute 'process_multiple_images'",
  "stacktrace": "Traceback (most recent call last):\n  File \"D:\\yolopest\\backend\\app\\api\\endpoints\\detection.py\", line 136, in upload_multiple_images\n    result = await detection_service.process_multiple_images(files_data)\n                   ^^^^^^^^^^^^^^^^^^^^^^^^^^^^^^^^^^^^^^^^^\nAttributeError: 'DetectionService' object has no attribute 'process_multiple_images'\n"
}
2025-03-11 08:13:08 - app.api.endpoints.detection - ERROR - [401c4e61-2894-449d-a25f-da23c71b23c4] 处理图像时发生错误 (error_id: 8a649235-ce7a-42ed-8428-6c661ed9bbc5):
{
  "error_id": "8a649235-ce7a-42ed-8428-6c661ed9bbc5",
  "request_id": "401c4e61-2894-449d-a25f-da23c71b23c4",
  "timestamp": "2025-03-11T08:13:08.716423",
  "file_name": "IP000000576.jpg",
  "exception_type": "NameError",
  "exception_msg": "name 'HTTPException' is not defined",
  "stacktrace": "Traceback (most recent call last):\n  File \"D:\\yolopest\\backend\\app\\services\\detection.py\", line 134, in process_image\n    return result\n           ^^^^^^\nNameError: name 'result' is not defined\n\nDuring handling of the above exception, another exception occurred:\n\nTraceback (most recent call last):\n  File \"D:\\yolopest\\backend\\app\\api\\endpoints\\detection.py\", line 55, in upload_image\n    result = await detection_service.process_image(file.filename, image_bytes)\n             ^^^^^^^^^^^^^^^^^^^^^^^^^^^^^^^^^^^^^^^^^^^^^^^^^^^^^^^^^^^^^^^^^\n  File \"D:\\yolopest\\backend\\app\\services\\detection.py\", line 136, in process_image\n    except HTTPException:\n           ^^^^^^^^^^^^^\nNameError: name 'HTTPException' is not defined. Did you mean: 'BaseException'?\n"
}
